<?xml version="1.0" encoding="UTF-8"?>
<!-- Generated by org.testng.reporters.JUnitXMLReporter -->
<testsuite ignored="0" hostname="DESKTOP-TN72U6V" failures="1" tests="6" name="Chrome Tests" time="143.164" errors="0" timestamp="2025-01-24T01:47:25 IST">
  <testcase classname="finalproject.homepage" name="VerifysearchBarFunctionality" time="8.689"/>
  <testcase classname="finalproject.homepage" name="userRegistrationandlogin" time="17.934"/>
  <testcase classname="finalproject.homepage" name="verifyHealthProgramResourcelinks" time="46.327">
    <failure type="org.openqa.selenium.StaleElementReferenceException" message="stale element reference: stale element not found
  (Session info: chrome=132.0.6834.83)
For documentation on this error, please visit: https://www.selenium.dev/documentation/webdriver/troubleshooting/errors#stale-element-reference-exception
Build info: version: &amp;apos;4.28.0&amp;apos;, revision: &amp;apos;ac342546e9&amp;apos;
System info: os.name: &amp;apos;Windows 11&amp;apos;, os.arch: &amp;apos;amd64&amp;apos;, os.version: &amp;apos;10.0&amp;apos;, java.version: &amp;apos;23.0.1&amp;apos;
Driver info: org.openqa.selenium.chrome.ChromeDriver
Command: [a01994ee5fc70b25d202c51afaa0ad0a, getElementAttribute {id=f.896192BB6B84B8778E6CEA48F2460499.d.12CAC4E491D1ECE7B0F5D3BA91EDCBDE.e.51, name=href}]
Capabilities {acceptInsecureCerts: false, browserName: chrome, browserVersion: 132.0.6834.83, chrome: {chromedriverVersion: 132.0.6834.110 (df453a35f09..., userDataDir: C:\Users\KALLURI SHOBAN BAB...}, fedcm:accounts: true, goog:chromeOptions: {debuggerAddress: localhost:56752}, networkConnectionEnabled: false, pageLoadStrategy: normal, platformName: windows, proxy: Proxy(), se:cdp: ws://localhost:56752/devtoo..., se:cdpVersion: 132.0.6834.83, setWindowRect: true, strictFileInteractability: false, timeouts: {implicit: 0, pageLoad: 300000, script: 30000}, unhandledPromptBehavior: dismiss and notify, webauthn:extension:credBlob: true, webauthn:extension:largeBlob: true, webauthn:extension:minPinLength: true, webauthn:extension:prf: true, webauthn:virtualAuthenticators: true}
Element: [[[[ChromeDriver: chrome on windows (a01994ee5fc70b25d202c51afaa0ad0a)] -&amp;gt; css selector: .fusion-content-boxes]] -&amp;gt; tag name: a]
Session ID: a01994ee5fc70b25d202c51afaa0ad0a">
      <![CDATA[org.openqa.selenium.StaleElementReferenceException: stale element reference: stale element not found
  (Session info: chrome=132.0.6834.83)
For documentation on this error, please visit: https://www.selenium.dev/documentation/webdriver/troubleshooting/errors#stale-element-reference-exception
Build info: version: '4.28.0', revision: 'ac342546e9'
System info: os.name: 'Windows 11', os.arch: 'amd64', os.version: '10.0', java.version: '23.0.1'
Driver info: org.openqa.selenium.chrome.ChromeDriver
Command: [a01994ee5fc70b25d202c51afaa0ad0a, getElementAttribute {id=f.896192BB6B84B8778E6CEA48F2460499.d.12CAC4E491D1ECE7B0F5D3BA91EDCBDE.e.51, name=href}]
Capabilities {acceptInsecureCerts: false, browserName: chrome, browserVersion: 132.0.6834.83, chrome: {chromedriverVersion: 132.0.6834.110 (df453a35f09..., userDataDir: C:\Users\KALLURI SHOBAN BAB...}, fedcm:accounts: true, goog:chromeOptions: {debuggerAddress: localhost:56752}, networkConnectionEnabled: false, pageLoadStrategy: normal, platformName: windows, proxy: Proxy(), se:cdp: ws://localhost:56752/devtoo..., se:cdpVersion: 132.0.6834.83, setWindowRect: true, strictFileInteractability: false, timeouts: {implicit: 0, pageLoad: 300000, script: 30000}, unhandledPromptBehavior: dismiss and notify, webauthn:extension:credBlob: true, webauthn:extension:largeBlob: true, webauthn:extension:minPinLength: true, webauthn:extension:prf: true, webauthn:virtualAuthenticators: true}
Element: [[[[ChromeDriver: chrome on windows (a01994ee5fc70b25d202c51afaa0ad0a)] -> css selector: .fusion-content-boxes]] -> tag name: a]
Session ID: a01994ee5fc70b25d202c51afaa0ad0a
at org.openqa.selenium.remote.ErrorCodec.decode(ErrorCodec.java:167)
at org.openqa.selenium.remote.codec.w3c.W3CHttpResponseCodec.decode(W3CHttpResponseCodec.java:138)
at org.openqa.selenium.remote.codec.w3c.W3CHttpResponseCodec.decode(W3CHttpResponseCodec.java:50)
at org.openqa.selenium.remote.HttpCommandExecutor.execute(HttpCommandExecutor.java:215)
at org.openqa.selenium.remote.service.DriverCommandExecutor.invokeExecute(DriverCommandExecutor.java:216)
at org.openqa.selenium.remote.service.DriverCommandExecutor.execute(DriverCommandExecutor.java:174)
at org.openqa.selenium.remote.RemoteWebDriver.execute(RemoteWebDriver.java:545)
at org.openqa.selenium.remote.RemoteWebElement.execute(RemoteWebElement.java:223)
at org.openqa.selenium.remote.RemoteWebElement.getAttribute(RemoteWebElement.java:149)
at finalproject.homepage.verifyHealthProgramResourcelinks(homepage.java:88)
at java.base/java.util.ArrayList.forEach(ArrayList.java:1597)
... Removed 28 stack frames]]>
    </failure>
  </testcase> <!-- verifyHealthProgramResourcelinks -->
  <testcase classname="finalproject.homepage" name="verifyNavigationBar" time="4.902"/>
  <testcase classname="finalproject.homepage" name="verifyeachHealthProgramPageContent" time="36.211"/>
  <testcase classname="finalproject.homepage" name="verifyhealthProgramDropdown" time="5.843"/>
</testsuite> <!-- Chrome Tests -->
