<?xml version="1.0" encoding="UTF-8"?>
<!-- Generated by org.testng.reporters.JUnitXMLReporter -->
<testsuite ignored="5" hostname="MAC-GQ7M6T9X9C" failures="0" tests="1" name="Chrome Tests" time="19.012" errors="0" timestamp="2025-01-24T01:07:22 IST">
  <testcase classname="finalproject.homepage" name="verifyeachHealthProgramPageContent" time="17.773"/>
  <testcase classname="finalproject.homepage" name="VerifysearchBarFunctionality" time="0.0">
    <ignored/>
  </testcase> <!-- VerifysearchBarFunctionality -->
  <testcase classname="finalproject.homepage" name="verifyHealthProgramResourcelinks" time="0.0">
    <ignored/>
  </testcase> <!-- verifyHealthProgramResourcelinks -->
  <testcase classname="finalproject.homepage" name="userRegistrationandlogin" time="0.0">
    <ignored/>
  </testcase> <!-- userRegistrationandlogin -->
  <testcase classname="finalproject.homepage" name="verifyhealthProgramDropdown" time="0.0">
    <ignored/>
  </testcase> <!-- verifyhealthProgramDropdown -->
  <testcase classname="finalproject.homepage" name="verifyNavigationBar" time="0.0">
    <ignored/>
  </testcase> <!-- verifyNavigationBar -->
</testsuite> <!-- Chrome Tests -->
