<?xml version="1.0" encoding="UTF-8"?>
<!-- Generated by org.testng.reporters.JUnitXMLReporter -->
<testsuite ignored="5" hostname="MAC-GQ7M6T9X9C" failures="1" tests="1" name="Edge Tests" time="4.216" errors="0" timestamp="2025-01-24T00:33:35 IST">
  <testcase classname="finalproject.homepage" name="userRegistrationandlogin" time="2.002">
    <failure type="org.openqa.selenium.NoSuchWindowException" message="no such window: target window already closed
from unknown error: web view not found
  (Session info: MicrosoftEdge=132.0.2957.115)
Build info: version: &amp;apos;4.28.0&amp;apos;, revision: &amp;apos;ac342546e9&amp;apos;
System info: os.name: &amp;apos;Mac OS X&amp;apos;, os.arch: &amp;apos;aarch64&amp;apos;, os.version: &amp;apos;15.2&amp;apos;, java.version: &amp;apos;23.0.1&amp;apos;
Driver info: org.openqa.selenium.edge.EdgeDriver
Command: [a9c4162ec61e7a5c956ef2cd8594a94c, findElement {using=xpath, value=//*[@id=&amp;apos;reg_username&amp;apos;]}]
Capabilities {acceptInsecureCerts: false, browserName: MicrosoftEdge, browserVersion: 132.0.2957.115, fedcm:accounts: true, ms:edgeOptions: {debuggerAddress: localhost:63705}, msedge: {msedgedriverVersion: 132.0.2957.115 (f14150e8a7c..., userDataDir: /var/folders/5g/p48r3ym11s1...}, networkConnectionEnabled: false, pageLoadStrategy: normal, platformName: mac, proxy: Proxy(), se:cdp: ws://localhost:63705/devtoo..., se:cdpVersion: 132.0.2957.115, setWindowRect: true, strictFileInteractability: false, timeouts: {implicit: 0, pageLoad: 300000, script: 30000}, unhandledPromptBehavior: dismiss and notify, webauthn:extension:credBlob: true, webauthn:extension:largeBlob: true, webauthn:extension:minPinLength: true, webauthn:extension:prf: true, webauthn:virtualAuthenticators: true}
Session ID: a9c4162ec61e7a5c956ef2cd8594a94c">
      <![CDATA[org.openqa.selenium.NoSuchWindowException: no such window: target window already closed
from unknown error: web view not found
  (Session info: MicrosoftEdge=132.0.2957.115)
Build info: version: '4.28.0', revision: 'ac342546e9'
System info: os.name: 'Mac OS X', os.arch: 'aarch64', os.version: '15.2', java.version: '23.0.1'
Driver info: org.openqa.selenium.edge.EdgeDriver
Command: [a9c4162ec61e7a5c956ef2cd8594a94c, findElement {using=xpath, value=//*[@id='reg_username']}]
Capabilities {acceptInsecureCerts: false, browserName: MicrosoftEdge, browserVersion: 132.0.2957.115, fedcm:accounts: true, ms:edgeOptions: {debuggerAddress: localhost:63705}, msedge: {msedgedriverVersion: 132.0.2957.115 (f14150e8a7c..., userDataDir: /var/folders/5g/p48r3ym11s1...}, networkConnectionEnabled: false, pageLoadStrategy: normal, platformName: mac, proxy: Proxy(), se:cdp: ws://localhost:63705/devtoo..., se:cdpVersion: 132.0.2957.115, setWindowRect: true, strictFileInteractability: false, timeouts: {implicit: 0, pageLoad: 300000, script: 30000}, unhandledPromptBehavior: dismiss and notify, webauthn:extension:credBlob: true, webauthn:extension:largeBlob: true, webauthn:extension:minPinLength: true, webauthn:extension:prf: true, webauthn:virtualAuthenticators: true}
Session ID: a9c4162ec61e7a5c956ef2cd8594a94c
at org.openqa.selenium.remote.ErrorCodec.decode(ErrorCodec.java:167)
at org.openqa.selenium.remote.codec.w3c.W3CHttpResponseCodec.decode(W3CHttpResponseCodec.java:138)
at org.openqa.selenium.remote.codec.w3c.W3CHttpResponseCodec.decode(W3CHttpResponseCodec.java:50)
at org.openqa.selenium.remote.HttpCommandExecutor.execute(HttpCommandExecutor.java:215)
at org.openqa.selenium.remote.service.DriverCommandExecutor.invokeExecute(DriverCommandExecutor.java:216)
at org.openqa.selenium.remote.service.DriverCommandExecutor.execute(DriverCommandExecutor.java:174)
at org.openqa.selenium.remote.RemoteWebDriver.execute(RemoteWebDriver.java:545)
at org.openqa.selenium.remote.ElementLocation$ElementFinder$2.findElement(ElementLocation.java:165)
at org.openqa.selenium.remote.ElementLocation.findElement(ElementLocation.java:59)
at org.openqa.selenium.remote.RemoteWebDriver.findElement(RemoteWebDriver.java:368)
at org.openqa.selenium.remote.RemoteWebDriver.findElement(RemoteWebDriver.java:362)
at finalproject.homepage.userRegistrationandlogin(homepage.java:158)
at java.base/java.util.ArrayList.forEach(ArrayList.java:1597)
... Removed 28 stack frames]]>
    </failure>
  </testcase> <!-- userRegistrationandlogin -->
  <testcase classname="finalproject.homepage" name="verifyNavigationBar" time="0.0">
    <ignored/>
  </testcase> <!-- verifyNavigationBar -->
  <testcase classname="finalproject.homepage" name="verifyhealthProgramDropdown" time="0.0">
    <ignored/>
  </testcase> <!-- verifyhealthProgramDropdown -->
  <testcase classname="finalproject.homepage" name="VerifysearchBarFunctionality" time="0.0">
    <ignored/>
  </testcase> <!-- VerifysearchBarFunctionality -->
  <testcase classname="finalproject.homepage" name="verifyHealthProgramResourcelinks" time="0.0">
    <ignored/>
  </testcase> <!-- verifyHealthProgramResourcelinks -->
  <testcase classname="finalproject.homepage" name="verifyeachHealthProgramPageContent" time="0.0">
    <ignored/>
  </testcase> <!-- verifyeachHealthProgramPageContent -->
</testsuite> <!-- Edge Tests -->
