<?xml version="1.0" encoding="UTF-8"?>
<testng-results ignored="0" total="1" passed="1" failed="0" skipped="0">
  <reporter-output>
  </reporter-output>
  <suite started-at="2025-01-24T01:07:02 IST" name="CrossBrowser Test Suite" finished-at="2025-01-24T01:07:21 IST" duration-ms="19012">
    <groups>
    </groups>
    <test started-at="2025-01-24T01:07:02 IST" name="Chrome Tests" finished-at="2025-01-24T01:07:21 IST" duration-ms="19012">
      <class name="finalproject.homepage">
        <test-method is-config="true" signature="setDriver(java.lang.String)[pri:0, instance:finalproject.homepage@38d8f54a]" started-at="2025-01-24T01:07:02 IST" name="setDriver" finished-at="2025-01-24T01:07:03 IST" duration-ms="1096" status="PASS">
          <params>
            <param index="0">
              <value>
                <![CDATA[chrome]]>
              </value>
            </param>
          </params>
          <reporter-output>
          </reporter-output>
        </test-method> <!-- setDriver -->
        <test-method signature="verifyeachHealthProgramPageContent()[pri:0, instance:finalproject.homepage@38d8f54a]" started-at="2025-01-24T01:07:03 IST" name="verifyeachHealthProgramPageContent" finished-at="2025-01-24T01:07:21 IST" duration-ms="17773" status="PASS">
          <reporter-output>
          </reporter-output>
        </test-method> <!-- verifyeachHealthProgramPageContent -->
        <test-method is-config="true" signature="quitBrowser()[pri:0, instance:finalproject.homepage@38d8f54a]" started-at="2025-01-24T01:07:21 IST" name="quitBrowser" finished-at="2025-01-24T01:07:21 IST" duration-ms="133" status="PASS">
          <reporter-output>
          </reporter-output>
        </test-method> <!-- quitBrowser -->
      </class> <!-- finalproject.homepage -->
    </test> <!-- Chrome Tests -->
  </suite> <!-- CrossBrowser Test Suite -->
</testng-results>
